f:\db\2nd assesment changes\obj\vc120.pdb
f:\db\2nd assesment changes\obj\vc120.idb
f:\db\2nd assesment changes\obj\levelfactory.obj
f:\db\2nd assesment changes\obj\levelcreatordb.obj
f:\db\2nd assesment changes\obj\assetmanager.obj
f:\db\2nd assesment changes\obj\database.obj
f:\db\2nd assesment changes\obj\enemy.obj
f:\db\2nd assesment changes\obj\bullet.obj
f:\db\2nd assesment changes\obj\gamestate.obj
f:\db\2nd assesment changes\obj\main.obj
f:\db\2nd assesment changes\obj\player.obj
f:\db\2nd assesment changes\obj\scorebuffer.obj
f:\db\2nd assesment changes\obj\textobj.obj
f:\db\2nd assesment changes\obj\sqlite3.obj
f:\db\2nd assesment changes\obj\walls.obj
f:\db\2nd assesment changes\obj\spawnpoints.obj
c:\users\dylan\desktop\2nd level create\obj\vc120.pdb
c:\users\dylan\desktop\2nd level create\obj\vc120.idb
c:\users\dylan\desktop\2nd level create\obj\scorebuffer.obj
c:\users\dylan\desktop\2nd level create\obj\spawnpoints.obj
f:\db\2nd assesment changes\bin\aie template_d.exe
f:\db\2nd assesment changes\bin\aie template_d.pdb
c:\users\dylan\desktop\2nd level create\obj\sqlite3.obj
c:\users\dylan\desktop\2nd level create\bin\aie template_d.exe
c:\users\dylan\desktop\2nd level create\obj\aie template.tlog\cl.command.1.tlog
c:\users\dylan\desktop\2nd level create\obj\aie template.tlog\cl.read.1.tlog
c:\users\dylan\desktop\2nd level create\obj\aie template.tlog\cl.write.1.tlog
c:\users\dylan\desktop\2nd level create\obj\aie template.tlog\link.command.1.tlog
c:\users\dylan\desktop\2nd level create\obj\aie template.tlog\link.read.1.tlog
c:\users\dylan\desktop\2nd level create\obj\aie template.tlog\link.write.1.tlog
